2021-03-18 17:20:45 INFO  DistributedTradeCacheApplication main com.github.limingliang.DistributedTradeCacheApplication Starting DistributedTradeCacheApplication on 20210210WR01 with PID 34016 (D:\code\distributed-trade-cache\target\classes started by Troila in D:\code\distributed-trade-cache)
2021-03-18 17:20:45 INFO  DistributedTradeCacheApplication main com.github.limingliang.DistributedTradeCacheApplication No active profile set, falling back to default profiles: default
2021-03-18 17:20:45 INFO  DistributedTradeCacheApplication main org.springframework.data.repository.config.RepositoryConfigurationDelegate Multiple Spring Data modules found, entering strict repository configuration mode!
2021-03-18 17:20:45 INFO  DistributedTradeCacheApplication main org.springframework.data.repository.config.RepositoryConfigurationDelegate Bootstrapping Spring Data repositories in DEFAULT mode.
2021-03-18 17:20:45 INFO  DistributedTradeCacheApplication main org.springframework.data.repository.config.RepositoryConfigurationDelegate Finished Spring Data repository scanning in 14ms. Found 0 repository interfaces.
2021-03-18 17:20:45 INFO  DistributedTradeCacheApplication main org.springframework.boot.web.embedded.tomcat.TomcatWebServer Tomcat initialized with port(s): 8082 (http)
2021-03-18 17:20:45 INFO  DistributedTradeCacheApplication main org.apache.coyote.http11.Http11NioProtocol Initializing ProtocolHandler ["http-nio-8082"]
2021-03-18 17:20:45 INFO  DistributedTradeCacheApplication main org.apache.catalina.core.StandardService Starting service [Tomcat]
2021-03-18 17:20:45 INFO  DistributedTradeCacheApplication main org.apache.catalina.core.StandardEngine Starting Servlet engine: [Apache Tomcat/9.0.27]
2021-03-18 17:20:45 INFO  DistributedTradeCacheApplication main org.apache.catalina.core.ContainerBase.[Tomcat].[localhost].[/] Initializing Spring embedded WebApplicationContext
2021-03-18 17:20:45 INFO  DistributedTradeCacheApplication main org.springframework.web.context.ContextLoader Root WebApplicationContext: initialization completed in 820 ms
2021-03-18 17:20:46 INFO  DistributedTradeCacheApplication main org.springframework.scheduling.concurrent.ThreadPoolTaskExecutor Initializing ExecutorService 'applicationTaskExecutor'
2021-03-18 17:20:46 INFO  DistributedTradeCacheApplication main org.apache.coyote.http11.Http11NioProtocol Starting ProtocolHandler ["http-nio-8082"]
2021-03-18 17:20:46 INFO  DistributedTradeCacheApplication main org.springframework.boot.web.embedded.tomcat.TomcatWebServer Tomcat started on port(s): 8082 (http) with context path ''
2021-03-18 17:20:46 INFO  DistributedTradeCacheApplication main com.github.limingliang.DistributedTradeCacheApplication Started DistributedTradeCacheApplication in 1.891 seconds (JVM running for 2.648)
2021-03-18 17:20:55 INFO  DistributedTradeCacheApplication http-nio-8082-exec-2 org.apache.catalina.core.ContainerBase.[Tomcat].[localhost].[/] Initializing Spring DispatcherServlet 'dispatcherServlet'
2021-03-18 17:20:55 INFO  DistributedTradeCacheApplication http-nio-8082-exec-2 org.springframework.web.servlet.DispatcherServlet Initializing Servlet 'dispatcherServlet'
2021-03-18 17:20:55 INFO  DistributedTradeCacheApplication http-nio-8082-exec-2 org.springframework.web.servlet.DispatcherServlet Completed initialization in 4 ms
2021-03-18 17:20:56 INFO  DistributedTradeCacheApplication http-nio-8082-exec-2 io.lettuce.core.EpollProvider Starting without optional epoll library
2021-03-18 17:20:56 INFO  DistributedTradeCacheApplication http-nio-8082-exec-2 io.lettuce.core.KqueueProvider Starting without optional kqueue library
2021-03-18 17:20:56 INFO  DistributedTradeCacheApplication http-nio-8082-exec-2 com.github.limingliang.controller.CacheController 反序列化后:{"amount":15.16,"client":"ios","product":"1234","tradeDate":1616025600000,"tradeId":1,"updateBy":"Devid","updateDime":1616075701000}
2021-03-18 17:21:38 INFO  DistributedTradeCacheApplication SpringContextShutdownHook org.springframework.scheduling.concurrent.ThreadPoolTaskExecutor Shutting down ExecutorService 'applicationTaskExecutor'
