2021-03-18 23:08:05 INFO  DistributedTradeCacheApplication main com.github.limingliang.DistributedTradeCacheApplication Starting DistributedTradeCacheApplication on limingliangdeMacBook-Pro.local with PID 10231 (/Users/limingliang/myproject/cache/distributed-trade-cache/target/classes started by limingliang in /Users/limingliang/myproject/cache/distributed-trade-cache)
2021-03-18 23:08:05 INFO  DistributedTradeCacheApplication main com.github.limingliang.DistributedTradeCacheApplication No active profile set, falling back to default profiles: default
2021-03-18 23:08:06 INFO  DistributedTradeCacheApplication main org.springframework.data.repository.config.RepositoryConfigurationDelegate Multiple Spring Data modules found, entering strict repository configuration mode!
2021-03-18 23:08:06 INFO  DistributedTradeCacheApplication main org.springframework.data.repository.config.RepositoryConfigurationDelegate Bootstrapping Spring Data repositories in DEFAULT mode.
2021-03-18 23:08:06 INFO  DistributedTradeCacheApplication main org.springframework.data.repository.config.RepositoryConfigurationDelegate Finished Spring Data repository scanning in 26ms. Found 0 repository interfaces.
2021-03-18 23:08:07 INFO  DistributedTradeCacheApplication main org.springframework.boot.web.embedded.tomcat.TomcatWebServer Tomcat initialized with port(s): 8082 (http)
2021-03-18 23:08:07 INFO  DistributedTradeCacheApplication main org.apache.coyote.http11.Http11NioProtocol Initializing ProtocolHandler ["http-nio-8082"]
2021-03-18 23:08:07 INFO  DistributedTradeCacheApplication main org.apache.catalina.core.StandardService Starting service [Tomcat]
2021-03-18 23:08:07 INFO  DistributedTradeCacheApplication main org.apache.catalina.core.StandardEngine Starting Servlet engine: [Apache Tomcat/9.0.27]
2021-03-18 23:08:07 INFO  DistributedTradeCacheApplication main org.apache.catalina.core.ContainerBase.[Tomcat].[localhost].[/] Initializing Spring embedded WebApplicationContext
2021-03-18 23:08:07 INFO  DistributedTradeCacheApplication main org.springframework.web.context.ContextLoader Root WebApplicationContext: initialization completed in 1680 ms
2021-03-18 23:08:08 INFO  DistributedTradeCacheApplication main org.springframework.scheduling.concurrent.ThreadPoolTaskExecutor Initializing ExecutorService 'applicationTaskExecutor'
2021-03-18 23:08:08 INFO  DistributedTradeCacheApplication main org.apache.coyote.http11.Http11NioProtocol Starting ProtocolHandler ["http-nio-8082"]
2021-03-18 23:08:08 INFO  DistributedTradeCacheApplication main org.springframework.boot.web.embedded.tomcat.TomcatWebServer Tomcat started on port(s): 8082 (http) with context path ''
2021-03-18 23:08:08 INFO  DistributedTradeCacheApplication main com.github.limingliang.DistributedTradeCacheApplication Started DistributedTradeCacheApplication in 4.232 seconds (JVM running for 7.501)
2021-03-18 23:17:19 INFO  DistributedTradeCacheApplication SpringContextShutdownHook org.springframework.scheduling.concurrent.ThreadPoolTaskExecutor Shutting down ExecutorService 'applicationTaskExecutor'
2021-03-18 23:24:36 INFO  DistributedTradeCacheApplication main com.github.limingliang.DistributedTradeCacheApplication Starting DistributedTradeCacheApplication on limingliangdeMacBook-Pro.local with PID 10428 (/Users/limingliang/myproject/cache/distributed-trade-cache/target/classes started by limingliang in /Users/limingliang/myproject/cache/distributed-trade-cache)
2021-03-18 23:24:36 INFO  DistributedTradeCacheApplication main com.github.limingliang.DistributedTradeCacheApplication No active profile set, falling back to default profiles: default
2021-03-18 23:24:37 INFO  DistributedTradeCacheApplication main org.springframework.data.repository.config.RepositoryConfigurationDelegate Multiple Spring Data modules found, entering strict repository configuration mode!
2021-03-18 23:24:37 INFO  DistributedTradeCacheApplication main org.springframework.data.repository.config.RepositoryConfigurationDelegate Bootstrapping Spring Data repositories in DEFAULT mode.
2021-03-18 23:24:37 INFO  DistributedTradeCacheApplication main org.springframework.data.repository.config.RepositoryConfigurationDelegate Finished Spring Data repository scanning in 36ms. Found 0 repository interfaces.
2021-03-18 23:24:38 INFO  DistributedTradeCacheApplication main org.springframework.boot.web.embedded.tomcat.TomcatWebServer Tomcat initialized with port(s): 8082 (http)
2021-03-18 23:24:38 INFO  DistributedTradeCacheApplication main org.apache.coyote.http11.Http11NioProtocol Initializing ProtocolHandler ["http-nio-8082"]
2021-03-18 23:24:38 INFO  DistributedTradeCacheApplication main org.apache.catalina.core.StandardService Starting service [Tomcat]
2021-03-18 23:24:38 INFO  DistributedTradeCacheApplication main org.apache.catalina.core.StandardEngine Starting Servlet engine: [Apache Tomcat/9.0.27]
2021-03-18 23:24:38 INFO  DistributedTradeCacheApplication main org.apache.catalina.core.ContainerBase.[Tomcat].[localhost].[/] Initializing Spring embedded WebApplicationContext
2021-03-18 23:24:38 INFO  DistributedTradeCacheApplication main org.springframework.web.context.ContextLoader Root WebApplicationContext: initialization completed in 2102 ms
2021-03-18 23:24:39 INFO  DistributedTradeCacheApplication main org.springframework.scheduling.concurrent.ThreadPoolTaskExecutor Initializing ExecutorService 'applicationTaskExecutor'
2021-03-18 23:24:39 INFO  DistributedTradeCacheApplication main org.apache.coyote.http11.Http11NioProtocol Starting ProtocolHandler ["http-nio-8082"]
2021-03-18 23:24:39 INFO  DistributedTradeCacheApplication main org.springframework.boot.web.embedded.tomcat.TomcatWebServer Tomcat started on port(s): 8082 (http) with context path ''
2021-03-18 23:24:39 INFO  DistributedTradeCacheApplication main com.github.limingliang.DistributedTradeCacheApplication Started DistributedTradeCacheApplication in 4.789 seconds (JVM running for 6.421)
2021-03-18 23:24:47 INFO  DistributedTradeCacheApplication http-nio-8082-exec-2 org.apache.catalina.core.ContainerBase.[Tomcat].[localhost].[/] Initializing Spring DispatcherServlet 'dispatcherServlet'
2021-03-18 23:24:47 INFO  DistributedTradeCacheApplication http-nio-8082-exec-2 org.springframework.web.servlet.DispatcherServlet Initializing Servlet 'dispatcherServlet'
2021-03-18 23:24:47 INFO  DistributedTradeCacheApplication http-nio-8082-exec-2 org.springframework.web.servlet.DispatcherServlet Completed initialization in 9 ms
2021-03-18 23:24:47 INFO  DistributedTradeCacheApplication http-nio-8082-exec-2 io.lettuce.core.EpollProvider Starting without optional epoll library
2021-03-18 23:24:47 INFO  DistributedTradeCacheApplication http-nio-8082-exec-2 io.lettuce.core.KqueueProvider Starting without optional kqueue library
2021-03-18 23:24:48 INFO  DistributedTradeCacheApplication http-nio-8082-exec-2 com.github.limingliang.controller.CacheController 反序列化后:{"amount":15.16,"client":"ios","product":"1234","tradeDate":1616025600000,"tradeId":1,"updateBy":"Devid","updateDime":1616075701000}
2021-03-18 23:25:11 INFO  DistributedTradeCacheApplication SpringContextShutdownHook org.springframework.scheduling.concurrent.ThreadPoolTaskExecutor Shutting down ExecutorService 'applicationTaskExecutor'
